<?xml version="1.0" encoding="UTF-8"?>
<!-- Generated by org.testng.reporters.JUnitReportReporter -->
<testsuite hostname="krystal.local" failures="0" tests="1" name="module.BMITest" time="3.297" errors="0" timestamp="2021-05-15T10:28:45 ICT" skipped="0">
  <testcase classname="module.BMITest" name="tc01" time="3.297"/>
  <system-out/>
</testsuite> <!-- module.BMITest -->
